<?xml version="1.0" encoding="UTF-8"?>
<!-- Generated by org.testng.reporters.JUnitXMLReporter -->
<testsuite ignored="4" hostname="LAPTOP-R4KD4R46" failures="0" tests="3" name="Test" time="4.723" errors="0" timestamp="2021-11-12T22:41:58 IST">
  <testcase classname="com.rmgyantra.projecttest.AddProjectWithonGoingStatus" name="addProjectWithCompletedStatus" time="4.345"/>
  <testcase classname="com.rmgyantra.projecttest.AddProjectWithCompletedStatus" name="addProjectWithCompletedStatus" time="0.182"/>
  <testcase classname="com.rmgyantra.projecttest.AddProjectWithCreatedStatus" name="addProjectWithCreatedStatus" time="0.134"/>
  <testcase classname="com.rmgyantra.GenericUtility.ApiBaseClass" name="@AfterSuite configureAfterSuite" time="0.0">
    <ignored/>
  </testcase> <!-- @AfterSuite configureAfterSuite -->
  <testcase classname="com.rmgyantra.GenericUtility.ApiBaseClass" name="@AfterSuite configureAfterSuite" time="0.0">
    <ignored/>
  </testcase> <!-- @AfterSuite configureAfterSuite -->
  <testcase classname="com.rmgyantra.GenericUtility.ApiBaseClass" name="@BeforeSuite configureBeforeSuite" time="0.0">
    <ignored/>
  </testcase> <!-- @BeforeSuite configureBeforeSuite -->
  <testcase classname="com.rmgyantra.GenericUtility.ApiBaseClass" name="@BeforeSuite configureBeforeSuite" time="0.0">
    <ignored/>
  </testcase> <!-- @BeforeSuite configureBeforeSuite -->
</testsuite> <!-- Test -->
