<?xml version="1.0" encoding="UTF-8"?>
<testng-results ignored="4" total="7" passed="3" failed="0" skipped="0">
  <reporter-output>
  </reporter-output>
  <suite started-at="2021-11-12T22:41:53 IST" name="Suite" finished-at="2021-11-12T22:41:58 IST" duration-ms="4723">
    <groups>
    </groups>
    <test started-at="2021-11-12T22:41:53 IST" name="Test" finished-at="2021-11-12T22:41:58 IST" duration-ms="4723">
      <class name="com.rmgyantra.projecttest.AddProjectWithCompletedStatus">
        <test-method signature="addProjectWithCompletedStatus()[pri:0, instance:com.rmgyantra.projecttest.AddProjectWithCompletedStatus@7c711375]" started-at="2021-11-12T22:41:58 IST" name="addProjectWithCompletedStatus" finished-at="2021-11-12T22:41:58 IST" duration-ms="182" status="PASS">
          <reporter-output>
          </reporter-output>
        </test-method> <!-- addProjectWithCompletedStatus -->
      </class> <!-- com.rmgyantra.projecttest.AddProjectWithCompletedStatus -->
      <class name="com.rmgyantra.projecttest.AddProjectWithonGoingStatus">
        <test-method is-config="true" signature="configureBeforeSuite()[pri:0, instance:com.rmgyantra.projecttest.AddProjectWithonGoingStatus@43dac38f]" started-at="2021-11-12T22:41:52 IST" name="configureBeforeSuite" finished-at="2021-11-12T22:41:53 IST" duration-ms="1526" status="PASS">
          <reporter-output>
          </reporter-output>
        </test-method> <!-- configureBeforeSuite -->
        <test-method signature="addProjectWithCompletedStatus()[pri:0, instance:com.rmgyantra.projecttest.AddProjectWithonGoingStatus@43dac38f]" started-at="2021-11-12T22:41:53 IST" name="addProjectWithCompletedStatus" finished-at="2021-11-12T22:41:58 IST" duration-ms="4345" status="PASS">
          <reporter-output>
          </reporter-output>
        </test-method> <!-- addProjectWithCompletedStatus -->
        <test-method is-config="true" signature="configureAfterSuite()[pri:0, instance:com.rmgyantra.projecttest.AddProjectWithonGoingStatus@43dac38f]" started-at="2021-11-12T22:41:58 IST" name="configureAfterSuite" finished-at="2021-11-12T22:41:58 IST" duration-ms="17" status="PASS">
          <reporter-output>
          </reporter-output>
        </test-method> <!-- configureAfterSuite -->
      </class> <!-- com.rmgyantra.projecttest.AddProjectWithonGoingStatus -->
      <class name="com.rmgyantra.projecttest.AddProjectWithCreatedStatus">
        <test-method signature="addProjectWithCreatedStatus()[pri:0, instance:com.rmgyantra.projecttest.AddProjectWithCreatedStatus@57cf54e1]" started-at="2021-11-12T22:41:58 IST" name="addProjectWithCreatedStatus" finished-at="2021-11-12T22:41:58 IST" duration-ms="134" status="PASS">
          <reporter-output>
          </reporter-output>
        </test-method> <!-- addProjectWithCreatedStatus -->
      </class> <!-- com.rmgyantra.projecttest.AddProjectWithCreatedStatus -->
    </test> <!-- Test -->
  </suite> <!-- Suite -->
</testng-results>
